{
  "stats": {
    "suites": 1,
    "tests": 6,
    "passes": 6,
    "pending": 0,
    "failures": 0,
    "start": "2023-05-23T19:37:37.497Z",
    "end": "2023-05-23T19:37:38.186Z",
    "duration": 689,
    "testsRegistered": 6,
    "passPercent": 100,
    "pendingPercent": 0,
    "other": 0,
    "hasOther": false,
    "skipped": 0,
    "hasSkipped": false
  },
  "results": [
    {
      "uuid": "98146b9e-cb1f-4443-b582-3d3483388bcf",
      "title": "",
      "fullFile": "cypress\\e2e\\usuarios.cy.js",
      "file": "cypress\\e2e\\usuarios.cy.js",
      "beforeHooks": [],
      "afterHooks": [],
      "tests": [],
      "suites": [
        {
          "uuid": "bdb9e723-a08f-4b47-99d1-2e609f25ce28",
          "title": "Testes da Funcionalidade Usuários",
          "fullFile": "",
          "file": "",
          "beforeHooks": [],
          "afterHooks": [],
          "tests": [
            {
              "title": "Deve validar contrato de usuários",
              "fullTitle": "Testes da Funcionalidade Usuários Deve validar contrato de usuários",
              "timedOut": null,
              "duration": 144,
              "state": "passed",
              "speed": "fast",
              "pass": true,
              "fail": false,
              "pending": false,
              "context": null,
              "code": "cy.request('usuarios').then(response => {\n  return _usuariosContract.default.validateAsync(response.body);\n});",
              "err": {},
              "uuid": "826f9455-d9be-425e-a343-15bbb513b8b8",
              "parentUUID": "bdb9e723-a08f-4b47-99d1-2e609f25ce28",
              "isHook": false,
              "skipped": false
            },
            {
              "title": "Deve listar usuários cadastrados",
              "fullTitle": "Testes da Funcionalidade Usuários Deve listar usuários cadastrados",
              "timedOut": null,
              "duration": 74,
              "state": "passed",
              "speed": "fast",
              "pass": true,
              "fail": false,
              "pending": false,
              "context": null,
              "code": "cy.request({\n  method: 'GET',\n  url: 'usuarios'\n}).then(response => {\n  expect(response.status).to.equal(200);\n  expect(response.body).to.have.property('usuarios');\n  //expect(response.duration).to.be.lessThan(20) //desnecessario essa validacao no momento\n});",
              "err": {},
              "uuid": "5277d706-7069-4245-a024-b0cf6c333861",
              "parentUUID": "bdb9e723-a08f-4b47-99d1-2e609f25ce28",
              "isHook": false,
              "skipped": false
            },
            {
              "title": "Deve cadastrar um usuário com sucesso",
              "fullTitle": "Testes da Funcionalidade Usuários Deve cadastrar um usuário com sucesso",
              "timedOut": null,
              "duration": 88,
              "state": "passed",
              "speed": "fast",
              "pass": true,
              "fail": false,
              "pending": false,
              "context": null,
              "code": "let user = `Usuario EBAC ${Math.floor(Math.random() * 100000000)}`;\nlet email = `emailteste${Math.floor(Math.random() * 10000)}`;\ncy.request({\n  method: 'POST',\n  url: 'usuarios',\n  body: {\n    \"nome\": user,\n    \"email\": email + \"@qa.com.br\",\n    \"password\": \"teste\",\n    \"administrador\": \"true\"\n  },\n  headers: {\n    authorization: token\n  }\n}).then(response => {\n  expect(response.status).to.equal(201);\n  expect(response.body.message).to.equal('Cadastro realizado com sucesso');\n});",
              "err": {},
              "uuid": "a82d844c-8d46-4377-b25e-1433b524fa97",
              "parentUUID": "bdb9e723-a08f-4b47-99d1-2e609f25ce28",
              "isHook": false,
              "skipped": false
            },
            {
              "title": "Deve validar um usuário com email inválido",
              "fullTitle": "Testes da Funcionalidade Usuários Deve validar um usuário com email inválido",
              "timedOut": null,
              "duration": 82,
              "state": "passed",
              "speed": "fast",
              "pass": true,
              "fail": false,
              "pending": false,
              "context": null,
              "code": "cy.cadastrarUsuario(token, 'usuario123', \"beltrano@qa.com.br\", \"trocarasenha\") //token, usuario, email, senha\n.then(response => {\n  expect(response.body.message).to.equal('Este email já está sendo usado');\n});",
              "err": {},
              "uuid": "fd82cfcc-0f92-4be7-8a8a-9ffa3177dc20",
              "parentUUID": "bdb9e723-a08f-4b47-99d1-2e609f25ce28",
              "isHook": false,
              "skipped": false
            },
            {
              "title": "Deve editar um usuário previamente cadastrado",
              "fullTitle": "Testes da Funcionalidade Usuários Deve editar um usuário previamente cadastrado",
              "timedOut": null,
              "duration": 103,
              "state": "passed",
              "speed": "fast",
              "pass": true,
              "fail": false,
              "pending": false,
              "context": null,
              "code": "let user = `Usuario EBAC ${Math.floor(Math.random() * 100000000)}`;\nlet email = `emailteste${Math.floor(Math.random() * 10000)}`;\ncy.cadastrarUsuario(token, user, email, \"trocarasenha\") //token, usuario, email, senha\n.then(response => {\n  let id = response.body._id;\n  cy.request({\n    method: 'PUT',\n    url: `usuarios/${id}`,\n    headers: {\n      authorization: token\n    },\n    body: {\n      \"nome\": user,\n      \"email\": email + \"@qa.com.br\",\n      \"password\": \"teste\",\n      \"administrador\": \"true\"\n    }\n  }).then(response => {\n    expect(response.status).to.equal(201);\n    expect(response.body.message).to.equal('Cadastro realizado com sucesso');\n    // expect(response.status).to.equal(400)\n    // expect(response.body.message).to.equal('Este email já está sendo usado')\n  });\n});",
              "err": {},
              "uuid": "1807a24f-8eb5-4003-a3fa-ee6a32ff2048",
              "parentUUID": "bdb9e723-a08f-4b47-99d1-2e609f25ce28",
              "isHook": false,
              "skipped": false
            },
            {
              "title": "Deve deletar um usuário previamente cadastrado",
              "fullTitle": "Testes da Funcionalidade Usuários Deve deletar um usuário previamente cadastrado",
              "timedOut": null,
              "duration": 97,
              "state": "passed",
              "speed": "fast",
              "pass": true,
              "fail": false,
              "pending": false,
              "context": null,
              "code": "let user = `Usuario EBAC ${Math.floor(Math.random() * 100000000)}`;\nlet email = `emailteste${Math.floor(Math.random() * 10000)}`;\ncy.cadastrarUsuario(token, user, email, \"trocarasenha\") //token, usuario, email, senha\n.then(response => {\n  let id = response.body._id;\n  cy.request({\n    method: 'DELETE',\n    url: `usuarios/${id}`,\n    headers: {\n      authorization: token\n    }\n  }).then(response => {\n    expect(response.status).to.equal(200);\n  });\n});",
              "err": {},
              "uuid": "6ba32e99-0d40-424c-8d3e-1f8cc4c63c75",
              "parentUUID": "bdb9e723-a08f-4b47-99d1-2e609f25ce28",
              "isHook": false,
              "skipped": false
            }
          ],
          "suites": [],
          "passes": [
            "826f9455-d9be-425e-a343-15bbb513b8b8",
            "5277d706-7069-4245-a024-b0cf6c333861",
            "a82d844c-8d46-4377-b25e-1433b524fa97",
            "fd82cfcc-0f92-4be7-8a8a-9ffa3177dc20",
            "1807a24f-8eb5-4003-a3fa-ee6a32ff2048",
            "6ba32e99-0d40-424c-8d3e-1f8cc4c63c75"
          ],
          "failures": [],
          "pending": [],
          "skipped": [],
          "duration": 588,
          "root": false,
          "rootEmpty": false,
          "_timeout": 2000
        }
      ],
      "passes": [],
      "failures": [],
      "pending": [],
      "skipped": [],
      "duration": 0,
      "root": true,
      "rootEmpty": true,
      "_timeout": 2000
    }
  ],
  "meta": {
    "mocha": {
      "version": "7.0.1"
    },
    "mochawesome": {
      "options": {
        "quiet": false,
        "reportFilename": "mochawesome",
        "saveHtml": false,
        "saveJson": true,
        "consoleReporter": "spec",
        "useInlineDiffs": false,
        "code": true
      },
      "version": "6.3.1"
    },
    "marge": {
      "options": {
        "reportDir": "mochawesome-report",
        "overwrite": false,
        "html": false,
        "json": true
      },
      "version": "5.2.0"
    }
  }
}